[0.006s] Invoking command in '/home/harsh/ros2_ws/build/chat_interface': CMAKE_PREFIX_PATH=${CMAKE_PREFIX_PATH}:/opt/ros/humble /usr/bin/cmake /home/harsh/ros2_ws/src/chat_interface -DCMAKE_INSTALL_PREFIX=/home/harsh/ros2_ws/install/chat_interface
[0.049s] -- The C compiler identification is GNU 11.4.0
[0.086s] -- The CXX compiler identification is GNU 11.4.0
[0.090s] -- Detecting C compiler ABI info
[0.141s] -- Detecting C compiler ABI info - done
[0.147s] -- Check for working C compiler: /usr/bin/cc - skipped
[0.147s] -- Detecting C compile features
[0.147s] -- Detecting C compile features - done
[0.149s] -- Detecting CXX compiler ABI info
[0.205s] -- Detecting CXX compiler ABI info - done
[0.213s] -- Check for working CXX compiler: /usr/bin/c++ - skipped
[0.214s] -- Detecting CXX compile features
[0.214s] -- Detecting CXX compile features - done
[0.216s] -- Found ament_cmake: 1.3.11 (/opt/ros/humble/share/ament_cmake/cmake)
[0.320s] -- Found Python3: /usr/bin/python3 (found version "3.10.12") found components: Interpreter 
[0.375s] -- Found rclcpp: 16.0.11 (/opt/ros/humble/share/rclcpp/cmake)
[0.406s] -- Found rosidl_generator_c: 3.1.6 (/opt/ros/humble/share/rosidl_generator_c/cmake)
[0.410s] -- Found rosidl_adapter: 3.1.6 (/opt/ros/humble/share/rosidl_adapter/cmake)
[0.416s] -- Found rosidl_generator_cpp: 3.1.6 (/opt/ros/humble/share/rosidl_generator_cpp/cmake)
[0.424s] -- Using all available rosidl_typesupport_c: rosidl_typesupport_fastrtps_c;rosidl_typesupport_introspection_c
[0.434s] -- Using all available rosidl_typesupport_cpp: rosidl_typesupport_fastrtps_cpp;rosidl_typesupport_introspection_cpp
[0.465s] -- Found rmw_implementation_cmake: 6.1.2 (/opt/ros/humble/share/rmw_implementation_cmake/cmake)
[0.467s] -- Found rmw_fastrtps_cpp: 6.2.7 (/opt/ros/humble/share/rmw_fastrtps_cpp/cmake)
[0.544s] -- Found OpenSSL: /usr/lib/x86_64-linux-gnu/libcrypto.so (found version "3.0.2")  
[0.565s] -- Found FastRTPS: /opt/ros/humble/include  
[0.595s] -- Using RMW implementation 'rmw_fastrtps_cpp' as default
[0.600s] -- Looking for pthread.h
[0.661s] -- Looking for pthread.h - found
[0.662s] -- Performing Test CMAKE_HAVE_LIBC_PTHREAD
[0.721s] -- Performing Test CMAKE_HAVE_LIBC_PTHREAD - Success
[0.722s] -- Found Threads: TRUE  
[0.764s] -- Found ament_lint_auto: 0.12.11 (/opt/ros/humble/share/ament_lint_auto/cmake)
[0.811s] -- Added test 'cppcheck' to perform static code analysis on C / C++ code
[0.812s] -- Configured cppcheck include dirs: 
[0.812s] -- Configured cppcheck exclude dirs and/or files: 
[0.812s] -- Added test 'lint_cmake' to check CMake code style
[0.812s] -- Added test 'uncrustify' to check C / C++ code style
[0.812s] -- Configured uncrustify additional arguments: 
[0.813s] -- Added test 'xmllint' to check XML markup files
[0.814s] -- Configuring done
[0.820s] -- Generating done
[0.823s] -- Build files have been written to: /home/harsh/ros2_ws/build/chat_interface
[0.829s] Invoked command in '/home/harsh/ros2_ws/build/chat_interface' returned '0': CMAKE_PREFIX_PATH=${CMAKE_PREFIX_PATH}:/opt/ros/humble /usr/bin/cmake /home/harsh/ros2_ws/src/chat_interface -DCMAKE_INSTALL_PREFIX=/home/harsh/ros2_ws/install/chat_interface
[0.830s] Invoking command in '/home/harsh/ros2_ws/build/chat_interface': CMAKE_PREFIX_PATH=${CMAKE_PREFIX_PATH}:/opt/ros/humble /usr/bin/cmake --build /home/harsh/ros2_ws/build/chat_interface -- -j12 -l12
[0.868s] [ 25%] [32mBuilding CXX object CMakeFiles/chat_publisher.dir/src/chat_publisher.cpp.o[0m
[0.869s] [ 50%] [32mBuilding CXX object CMakeFiles/chat_subscriber.dir/src/chat_subscriber.cpp.o[0m
[3.513s] [ 75%] [32m[1mLinking CXX executable chat_publisher[0m
[3.641s] [ 75%] Built target chat_publisher
[5.763s] [100%] [32m[1mLinking CXX executable chat_subscriber[0m
[5.972s] [100%] Built target chat_subscriber
[5.981s] Invoked command in '/home/harsh/ros2_ws/build/chat_interface' returned '0': CMAKE_PREFIX_PATH=${CMAKE_PREFIX_PATH}:/opt/ros/humble /usr/bin/cmake --build /home/harsh/ros2_ws/build/chat_interface -- -j12 -l12
[5.987s] Invoking command in '/home/harsh/ros2_ws/build/chat_interface': CMAKE_PREFIX_PATH=${CMAKE_PREFIX_PATH}:/opt/ros/humble /usr/bin/cmake --install /home/harsh/ros2_ws/build/chat_interface
[5.993s] -- Install configuration: ""
[5.993s] -- Installing: /home/harsh/ros2_ws/install/chat_interface/share/ament_index/resource_index/package_run_dependencies/chat_interface
[5.993s] -- Installing: /home/harsh/ros2_ws/install/chat_interface/share/ament_index/resource_index/parent_prefix_path/chat_interface
[5.993s] -- Installing: /home/harsh/ros2_ws/install/chat_interface/share/chat_interface/environment/ament_prefix_path.sh
[5.993s] -- Installing: /home/harsh/ros2_ws/install/chat_interface/share/chat_interface/environment/ament_prefix_path.dsv
[5.993s] -- Installing: /home/harsh/ros2_ws/install/chat_interface/share/chat_interface/environment/path.sh
[5.993s] -- Installing: /home/harsh/ros2_ws/install/chat_interface/share/chat_interface/environment/path.dsv
[5.993s] -- Installing: /home/harsh/ros2_ws/install/chat_interface/share/chat_interface/local_setup.bash
[5.993s] -- Installing: /home/harsh/ros2_ws/install/chat_interface/share/chat_interface/local_setup.sh
[5.993s] -- Installing: /home/harsh/ros2_ws/install/chat_interface/share/chat_interface/local_setup.zsh
[5.993s] -- Installing: /home/harsh/ros2_ws/install/chat_interface/share/chat_interface/local_setup.dsv
[5.993s] -- Installing: /home/harsh/ros2_ws/install/chat_interface/share/chat_interface/package.dsv
[5.993s] -- Installing: /home/harsh/ros2_ws/install/chat_interface/share/ament_index/resource_index/packages/chat_interface
[5.993s] -- Installing: /home/harsh/ros2_ws/install/chat_interface/share/chat_interface/cmake/chat_interfaceConfig.cmake
[5.993s] -- Installing: /home/harsh/ros2_ws/install/chat_interface/share/chat_interface/cmake/chat_interfaceConfig-version.cmake
[5.993s] -- Installing: /home/harsh/ros2_ws/install/chat_interface/share/chat_interface/package.xml
[5.993s] -- Installing: /home/harsh/ros2_ws/install/chat_interface/lib/chat_interface/chat_publisher
[5.994s] -- Set runtime path of "/home/harsh/ros2_ws/install/chat_interface/lib/chat_interface/chat_publisher" to ""
[5.994s] -- Installing: /home/harsh/ros2_ws/install/chat_interface/lib/chat_interface/chat_subscriber
[5.995s] -- Set runtime path of "/home/harsh/ros2_ws/install/chat_interface/lib/chat_interface/chat_subscriber" to ""
[5.996s] Invoked command in '/home/harsh/ros2_ws/build/chat_interface' returned '0': CMAKE_PREFIX_PATH=${CMAKE_PREFIX_PATH}:/opt/ros/humble /usr/bin/cmake --install /home/harsh/ros2_ws/build/chat_interface
