[0.006s] Invoking command in '/home/harsh/ros2_ws/build/talker': CMAKE_PREFIX_PATH=/opt/ros/humble /usr/bin/cmake /home/harsh/ros2_ws/src/talker -DCMAKE_INSTALL_PREFIX=/home/harsh/ros2_ws/install/talker
[0.099s] -- The C compiler identification is GNU 11.4.0
[0.173s] -- The CXX compiler identification is GNU 11.4.0
[0.178s] -- Detecting C compiler ABI info
[0.239s] -- Detecting C compiler ABI info - done
[0.244s] -- Check for working C compiler: /usr/bin/cc - skipped
[0.244s] -- Detecting C compile features
[0.244s] -- Detecting C compile features - done
[0.247s] -- Detecting CXX compiler ABI info
[0.303s] -- Detecting CXX compiler ABI info - done
[0.308s] -- Check for working CXX compiler: /usr/bin/c++ - skipped
[0.308s] -- Detecting CXX compile features
[0.308s] -- Detecting CXX compile features - done
[0.310s] -- Found ament_cmake: 1.3.11 (/opt/ros/humble/share/ament_cmake/cmake)
[0.409s] -- Found Python3: /usr/bin/python3 (found version "3.10.12") found components: Interpreter 
[0.480s] -- Found ament_lint_auto: 0.12.11 (/opt/ros/humble/share/ament_lint_auto/cmake)
[0.530s] -- Added test 'lint_cmake' to check CMake code style
[0.530s] -- Added test 'xmllint' to check XML markup files
[0.531s] -- Configuring done
[0.532s] -- Generating done
[0.533s] -- Build files have been written to: /home/harsh/ros2_ws/build/talker
[0.536s] Invoked command in '/home/harsh/ros2_ws/build/talker' returned '0': CMAKE_PREFIX_PATH=/opt/ros/humble /usr/bin/cmake /home/harsh/ros2_ws/src/talker -DCMAKE_INSTALL_PREFIX=/home/harsh/ros2_ws/install/talker
[0.537s] Invoking command in '/home/harsh/ros2_ws/build/talker': CMAKE_PREFIX_PATH=/opt/ros/humble /usr/bin/cmake --build /home/harsh/ros2_ws/build/talker -- -j12 -l12
[0.562s] Invoked command in '/home/harsh/ros2_ws/build/talker' returned '0': CMAKE_PREFIX_PATH=/opt/ros/humble /usr/bin/cmake --build /home/harsh/ros2_ws/build/talker -- -j12 -l12
[0.567s] Invoking command in '/home/harsh/ros2_ws/build/talker': CMAKE_PREFIX_PATH=/opt/ros/humble /usr/bin/cmake --install /home/harsh/ros2_ws/build/talker
[0.572s] -- Install configuration: ""
[0.573s] -- Installing: /home/harsh/ros2_ws/install/talker/share/ament_index/resource_index/package_run_dependencies/talker
[0.573s] -- Installing: /home/harsh/ros2_ws/install/talker/share/ament_index/resource_index/parent_prefix_path/talker
[0.573s] -- Installing: /home/harsh/ros2_ws/install/talker/share/talker/environment/ament_prefix_path.sh
[0.573s] -- Installing: /home/harsh/ros2_ws/install/talker/share/talker/environment/ament_prefix_path.dsv
[0.573s] -- Installing: /home/harsh/ros2_ws/install/talker/share/talker/environment/path.sh
[0.573s] -- Installing: /home/harsh/ros2_ws/install/talker/share/talker/environment/path.dsv
[0.573s] -- Installing: /home/harsh/ros2_ws/install/talker/share/talker/local_setup.bash
[0.573s] -- Installing: /home/harsh/ros2_ws/install/talker/share/talker/local_setup.sh
[0.573s] -- Installing: /home/harsh/ros2_ws/install/talker/share/talker/local_setup.zsh
[0.573s] -- Installing: /home/harsh/ros2_ws/install/talker/share/talker/local_setup.dsv
[0.573s] -- Installing: /home/harsh/ros2_ws/install/talker/share/talker/package.dsv
[0.574s] -- Installing: /home/harsh/ros2_ws/install/talker/share/ament_index/resource_index/packages/talker
[0.574s] -- Installing: /home/harsh/ros2_ws/install/talker/share/talker/cmake/talkerConfig.cmake
[0.574s] -- Installing: /home/harsh/ros2_ws/install/talker/share/talker/cmake/talkerConfig-version.cmake
[0.574s] -- Installing: /home/harsh/ros2_ws/install/talker/share/talker/package.xml
[0.575s] Invoked command in '/home/harsh/ros2_ws/build/talker' returned '0': CMAKE_PREFIX_PATH=/opt/ros/humble /usr/bin/cmake --install /home/harsh/ros2_ws/build/talker
